[22-03-27 11:04:44]
		 Текст ошибки: Страница не найдена |
		 Файл: /Users/alexandrshaposhnik/Desktop/ishop/public/index.php |
		 Строка: 8 
======================
[22-03-27 11:05:07]
		 Текст ошибки: Страница не найдена |
		 Файл: /Users/alexandrshaposhnik/Desktop/ishop/public/index.php |
		 Строка: 8 
======================
[22-03-27 11:05:08]
		 Текст ошибки: Страница не найдена |
		 Файл: /Users/alexandrshaposhnik/Desktop/ishop/public/index.php |
		 Строка: 8 
======================
[22-03-27 11:05:12]
		 Текст ошибки: Страница не найдена |
		 Файл: /Users/alexandrshaposhnik/Desktop/ishop/public/index.php |
		 Строка: 8 
======================
[22-03-27 11:05:13]
		 Текст ошибки: Страница не найдена |
		 Файл: /Users/alexandrshaposhnik/Desktop/ishop/public/index.php |
		 Строка: 8 
======================
[22-03-27 11:05:13]
		 Текст ошибки: Страница не найдена |
		 Файл: /Users/alexandrshaposhnik/Desktop/ishop/public/index.php |
		 Строка: 8 
======================
[22-03-27 11:05:13]
		 Текст ошибки: Страница не найдена |
		 Файл: /Users/alexandrshaposhnik/Desktop/ishop/public/index.php |
		 Строка: 8 
======================
[22-03-27 11:05:13]
		 Текст ошибки: Страница не найдена |
		 Файл: /Users/alexandrshaposhnik/Desktop/ishop/public/index.php |
		 Строка: 8 
======================
[22-03-27 11:05:13]
		 Текст ошибки: Страница не найдена |
		 Файл: /Users/alexandrshaposhnik/Desktop/ishop/public/index.php |
		 Строка: 8 
======================
[22-03-27 11:05:14]
		 Текст ошибки: Страница не найдена |
		 Файл: /Users/alexandrshaposhnik/Desktop/ishop/public/index.php |
		 Строка: 8 
======================
[22-03-27 11:05:14]
		 Текст ошибки: Страница не найдена |
		 Файл: /Users/alexandrshaposhnik/Desktop/ishop/public/index.php |
		 Строка: 8 
======================
[22-03-27 11:05:14]
		 Текст ошибки: Страница не найдена |
		 Файл: /Users/alexandrshaposhnik/Desktop/ishop/public/index.php |
		 Строка: 8 
======================
[22-03-27 11:05:15]
		 Текст ошибки: Страница не найдена |
		 Файл: /Users/alexandrshaposhnik/Desktop/ishop/public/index.php |
		 Строка: 8 
======================
[22-03-27 11:05:15]
		 Текст ошибки: Страница не найдена |
		 Файл: /Users/alexandrshaposhnik/Desktop/ishop/public/index.php |
		 Строка: 8 
======================
[22-03-27 11:05:53]
		 Текст ошибки: Страница не найдена |
		 Файл: /Users/alexandrshaposhnik/Desktop/ishop/public/index.php |
		 Строка: 8 
======================
[22-03-27 11:05:55]
		 Текст ошибки: Страница не найдена |
		 Файл: /Users/alexandrshaposhnik/Desktop/ishop/public/index.php |
		 Строка: 8 
======================
[22-03-27 11:12:42]
		 Текст ошибки: Страница не найдена |
		 Файл: /Users/alexandrshaposhnik/Desktop/ishop/public/index.php |
		 Строка: 8 
======================
[22-03-27 11:13:17]
		 Текст ошибки: Страница не найдена |
		 Файл: /Users/alexandrshaposhnik/Desktop/ishop/public/index.php |
		 Строка: 8 
======================
[22-03-27 11:13:19]
		 Текст ошибки: Страница не найдена |
		 Файл: /Users/alexandrshaposhnik/Desktop/ishop/public/index.php |
		 Строка: 8 
======================
[22-03-27 11:13:20]
		 Текст ошибки: Страница не найдена |
		 Файл: /Users/alexandrshaposhnik/Desktop/ishop/public/index.php |
		 Строка: 8 
======================
[22-03-27 11:13:24]
		 Текст ошибки: Страница не найдена |
		 Файл: /Users/alexandrshaposhnik/Desktop/ishop/public/index.php |
		 Строка: 8 
======================
[22-03-27 11:13:24]
		 Текст ошибки: Страница не найдена |
		 Файл: /Users/alexandrshaposhnik/Desktop/ishop/public/index.php |
		 Строка: 8 
======================
[22-03-27 11:13:33]
		 Текст ошибки: Страница не найдена |
		 Файл: /Users/alexandrshaposhnik/Desktop/ishop/public/index.php |
		 Строка: 8 
======================
[22-03-27 11:13:33]
		 Текст ошибки: Страница не найдена |
		 Файл: /Users/alexandrshaposhnik/Desktop/ishop/public/index.php |
		 Строка: 8 
======================
[22-03-27 11:13:33]
		 Текст ошибки: Страница не найдена |
		 Файл: /Users/alexandrshaposhnik/Desktop/ishop/public/index.php |
		 Строка: 8 
======================
[22-03-27 11:13:59]
		 Текст ошибки: Страница не найдена |
		 Файл: /Users/alexandrshaposhnik/Desktop/ishop/public/index.php |
		 Строка: 8 
======================
[22-03-27 11:15:27]
		 Текст ошибки: Страница не найдена |
		 Файл: /Users/alexandrshaposhnik/Desktop/ishop/public/index.php |
		 Строка: 8 
======================
[22-03-27 11:15:29]
		 Текст ошибки: Страница не найдена |
		 Файл: /Users/alexandrshaposhnik/Desktop/ishop/public/index.php |
		 Строка: 8 
======================
[22-03-27 11:15:31]
		 Текст ошибки: Страница не найдена |
		 Файл: /Users/alexandrshaposhnik/Desktop/ishop/public/index.php |
		 Строка: 8 
======================
[22-03-27 11:15:33]
		 Текст ошибки: Страница не найдена |
		 Файл: /Users/alexandrshaposhnik/Desktop/ishop/public/index.php |
		 Строка: 8 
======================
[22-03-27 11:16:22]
		 Текст ошибки: Страница не найдена |
		 Файл: /Users/alexandrshaposhnik/Desktop/ishop/public/index.php |
		 Строка: 8 
======================
[22-03-27 11:16:28]
		 Текст ошибки: Страница не найдена |
		 Файл: /Users/alexandrshaposhnik/Desktop/ishop/public/index.php |
		 Строка: 8 
======================
[22-03-27 11:16:29]
		 Текст ошибки: Страница не найдена |
		 Файл: /Users/alexandrshaposhnik/Desktop/ishop/public/index.php |
		 Строка: 8 
======================
[22-03-27 11:16:33]
		 Текст ошибки: Страница не найдена |
		 Файл: /Users/alexandrshaposhnik/Desktop/ishop/public/index.php |
		 Строка: 8 
======================
[22-03-27 11:16:34]
		 Текст ошибки: Страница не найдена |
		 Файл: /Users/alexandrshaposhnik/Desktop/ishop/public/index.php |
		 Строка: 8 
======================
[22-03-27 11:16:34]
		 Текст ошибки: Страница не найдена |
		 Файл: /Users/alexandrshaposhnik/Desktop/ishop/public/index.php |
		 Строка: 8 
======================
[22-03-27 11:16:38]
		 Текст ошибки: Страница не найдена |
		 Файл: /Users/alexandrshaposhnik/Desktop/ishop/public/index.php |
		 Строка: 8 
======================
[22-03-27 11:16:39]
		 Текст ошибки: Страница не найдена |
		 Файл: /Users/alexandrshaposhnik/Desktop/ishop/public/index.php |
		 Строка: 8 
======================
[22-03-27 11:16:39]
		 Текст ошибки: Страница не найдена |
		 Файл: /Users/alexandrshaposhnik/Desktop/ishop/public/index.php |
		 Строка: 8 
======================
[22-03-27 11:16:39]
		 Текст ошибки: Страница не найдена |
		 Файл: /Users/alexandrshaposhnik/Desktop/ishop/public/index.php |
		 Строка: 8 
======================
[22-03-27 11:16:40]
		 Текст ошибки: Страница не найдена |
		 Файл: /Users/alexandrshaposhnik/Desktop/ishop/public/index.php |
		 Строка: 8 
======================
[22-03-27 11:22:28]
		 Текст ошибки: Страница не найдена |
		 Файл: /Users/alexandrshaposhnik/Desktop/ishop/public/index.php |
		 Строка: 8 
======================
[22-03-27 11:22:37]
		 Текст ошибки: Страница не найдена |
		 Файл: /Users/alexandrshaposhnik/Desktop/ishop/public/index.php |
		 Строка: 8 
======================
